<?xml version="1.0" encoding="UTF-8"?>
<coverage generated="1582700329">
  <project timestamp="1582700329">
    <package name="WP_Autoload">
      <file name="/Users/mdenisenko/PhpstormProjects/WP-Autoload/classes/class-autoload.php">
        <class name="WP_Autoload\Autoload" namespace="WP_Autoload">
          <metrics complexity="9" methods="3" coveredmethods="3" conditionals="0" coveredconditionals="0" statements="27" coveredstatements="27" elements="30" coveredelements="30"/>
        </class>
        <line num="48" type="method" name="__construct" visibility="public" complexity="1" crap="1" count="6"/>
        <line num="49" type="stmt" count="6"/>
        <line num="50" type="stmt" count="6"/>
        <line num="51" type="stmt" count="6"/>
        <line num="52" type="stmt" count="6"/>
        <line num="53" type="stmt" count="6"/>
        <line num="60" type="method" name="autoload" visibility="private" complexity="4" crap="4" count="6"/>
        <line num="61" type="stmt" count="6"/>
        <line num="62" type="stmt" count="5"/>
        <line num="63" type="stmt" count="5"/>
        <line num="64" type="stmt" count="1"/>
        <line num="67" type="stmt" count="4"/>
        <line num="68" type="stmt" count="3"/>
        <line num="69" type="stmt" count="3"/>
        <line num="70" type="stmt" count="1"/>
        <line num="71" type="stmt" count="1"/>
        <line num="76" type="stmt" count="6"/>
        <line num="86" type="method" name="file_path" visibility="private" complexity="4" crap="4" count="4"/>
        <line num="87" type="stmt" count="4"/>
        <line num="88" type="stmt" count="4"/>
        <line num="89" type="stmt" count="4"/>
        <line num="90" type="stmt" count="1"/>
        <line num="91" type="stmt" count="4"/>
        <line num="92" type="stmt" count="4"/>
        <line num="93" type="stmt" count="4"/>
        <line num="95" type="stmt" count="4"/>
        <line num="96" type="stmt" count="4"/>
        <line num="97" type="stmt" count="4"/>
        <line num="98" type="stmt" count="3"/>
        <line num="102" type="stmt" count="1"/>
        <metrics loc="105" ncloc="57" classes="1" methods="3" coveredmethods="3" conditionals="0" coveredconditionals="0" statements="27" coveredstatements="27" elements="30" coveredelements="30"/>
      </file>
      <file name="/Users/mdenisenko/PhpstormProjects/WP-Autoload/classes/class-cache.php">
        <class name="WP_Autoload\Cache" namespace="WP_Autoload" fullPackage="WP_Autoload" package="WP_Autoload">
          <metrics complexity="13" methods="6" coveredmethods="6" conditionals="0" coveredconditionals="0" statements="32" coveredstatements="32" elements="38" coveredelements="38"/>
        </class>
        <line num="49" type="method" name="__construct" visibility="public" complexity="2" crap="2" count="6"/>
        <line num="50" type="stmt" count="6"/>
        <line num="52" type="stmt" count="6"/>
        <line num="53" type="stmt" count="6"/>
        <line num="54" type="stmt" count="6"/>
        <line num="55" type="stmt" count="6"/>
        <line num="64" type="method" name="valid" visibility="private" complexity="3" crap="3" count="3"/>
        <line num="65" type="stmt" count="3"/>
        <line num="66" type="stmt" count="1"/>
        <line num="69" type="stmt" count="2"/>
        <line num="70" type="stmt" count="1"/>
        <line num="72" type="stmt" count="1"/>
        <line num="75" type="stmt" count="1"/>
        <line num="85" type="method" name="get" visibility="public" complexity="2" crap="2" count="3"/>
        <line num="86" type="stmt" count="3"/>
        <line num="95" type="method" name="update" visibility="public" complexity="1" crap="1" count="3"/>
        <line num="96" type="stmt" count="3"/>
        <line num="97" type="stmt" count="3"/>
        <line num="98" type="stmt" count="3"/>
        <line num="103" type="method" name="save" visibility="public" complexity="2" crap="2" count="2"/>
        <line num="104" type="stmt" count="2"/>
        <line num="105" type="stmt" count="1"/>
        <line num="107" type="stmt" count="1"/>
        <line num="108" type="stmt" count="1"/>
        <line num="109" type="stmt" count="1"/>
        <line num="111" type="stmt" count="1"/>
        <line num="112" type="stmt" count="1"/>
        <line num="113" type="stmt" count="1"/>
        <line num="114" type="stmt" count="1"/>
        <line num="118" type="stmt" count="1"/>
        <line num="119" type="stmt" count="1"/>
        <line num="120" type="stmt" count="1"/>
        <line num="129" type="method" name="WP_Filesystem" visibility="private" complexity="3" crap="3" count="1"/>
        <line num="131" type="stmt" count="1"/>
        <line num="132" type="stmt" count="1"/>
        <line num="133" type="stmt" count="1"/>
        <line num="140" type="stmt" count="1"/>
        <line num="143" type="stmt" count="1"/>
        <metrics loc="146" ncloc="73" classes="1" methods="6" coveredmethods="6" conditionals="0" coveredconditionals="0" statements="32" coveredstatements="32" elements="38" coveredelements="38"/>
      </file>
      <file name="/Users/mdenisenko/PhpstormProjects/WP-Autoload/classes/class-exception.php">
        <class name="WP_Autoload\Exception" namespace="WP_Autoload" fullPackage="Autoload" package="Autoload">
          <metrics complexity="1" methods="1" coveredmethods="1" conditionals="0" coveredconditionals="0" statements="4" coveredstatements="4" elements="5" coveredelements="5"/>
        </class>
        <line num="28" type="method" name="__construct" visibility="public" complexity="1" crap="1" count="2"/>
        <line num="29" type="stmt" count="2"/>
        <line num="31" type="stmt" count="2"/>
        <line num="33" type="stmt" count="2"/>
        <line num="34" type="stmt" count="2"/>
        <metrics loc="36" ncloc="15" classes="1" methods="1" coveredmethods="1" conditionals="0" coveredconditionals="0" statements="4" coveredstatements="4" elements="5" coveredelements="5"/>
      </file>
    </package>
    <metrics files="3" loc="287" ncloc="145" classes="3" methods="10" coveredmethods="10" conditionals="0" coveredconditionals="0" statements="63" coveredstatements="63" elements="73" coveredelements="73"/>
  </project>
</coverage>
